<?xml version="1.0" encoding="UTF-8"?>
<!-- Generated by org.testng.reporters.JUnitReportReporter -->
<testsuite skipped="0" hostname="AshishBajaj-PC" name="com.testng.com.NewTest" tests="2" failures="0" timestamp="13 Feb 2019 07:10:23 GMT" time="0.012" errors="0">
  <testcase name="testCase2" time="0.004" classname="com.testng.com.NewTest"/>
  <testcase name="testCase1" time="0.008" classname="com.testng.com.NewTest"/>
</testsuite> <!-- com.testng.com.NewTest -->
