<?xml version="1.0" encoding="UTF-8"?>
<!-- Generated by org.testng.reporters.JUnitReportReporter -->
<testsuite skipped="1" hostname="AshishBajaj-PC" name="com.testng.com.SoftwareTestingMaterial" tests="2" failures="0" timestamp="12 Feb 2019 09:25:45 GMT" time="0.008" errors="0">
  <testcase name="testCase2" time="0.008" classname="com.testng.com.SoftwareTestingMaterial"/>
  <testcase name="testCase1" classname="com.testng.com.SoftwareTestingMaterial">
    <skipped/>
  </testcase> <!-- testCase1 -->
</testsuite> <!-- com.testng.com.SoftwareTestingMaterial -->
